[2023-05-25 20:39:05,123] {taskinstance.py:1159} INFO - Dependencies all met for <TaskInstance: Projeto_AirFlow_clima.Tarefa_5 manual__2023-05-25T23:38:59.282042+00:00 [queued]>
[2023-05-25 20:39:05,128] {taskinstance.py:1159} INFO - Dependencies all met for <TaskInstance: Projeto_AirFlow_clima.Tarefa_5 manual__2023-05-25T23:38:59.282042+00:00 [queued]>
[2023-05-25 20:39:05,128] {taskinstance.py:1356} INFO - 
--------------------------------------------------------------------------------
[2023-05-25 20:39:05,128] {taskinstance.py:1357} INFO - Starting attempt 1 of 1
[2023-05-25 20:39:05,128] {taskinstance.py:1358} INFO - 
--------------------------------------------------------------------------------
[2023-05-25 20:39:05,139] {taskinstance.py:1377} INFO - Executing <Task(BashOperator): Tarefa_5> on 2023-05-25 23:38:59.282042+00:00
[2023-05-25 20:39:05,141] {standard_task_runner.py:52} INFO - Started process 84284 to run task
[2023-05-25 20:39:05,145] {standard_task_runner.py:79} INFO - Running: ['airflow', 'tasks', 'run', 'Projeto_AirFlow_clima', 'Tarefa_5', 'manual__2023-05-25T23:38:59.282042+00:00', '--job-id', '25', '--raw', '--subdir', 'DAGS_FOLDER/Airflow_dag.py', '--cfg-path', '/tmp/tmpqm4tt16x', '--error-file', '/tmp/tmpdko_d_x8']
[2023-05-25 20:39:05,145] {standard_task_runner.py:80} INFO - Job 25: Subtask Tarefa_5
[2023-05-25 20:39:05,184] {task_command.py:370} INFO - Running <TaskInstance: Projeto_AirFlow_clima.Tarefa_5 manual__2023-05-25T23:38:59.282042+00:00 [running]> on host enricolm-virtual-machine
[2023-05-25 20:39:05,231] {taskinstance.py:1569} INFO - Exporting the following env vars:
AIRFLOW_CTX_DAG_OWNER=airflow
AIRFLOW_CTX_DAG_ID=Projeto_AirFlow_clima
AIRFLOW_CTX_TASK_ID=Tarefa_5
AIRFLOW_CTX_EXECUTION_DATE=2023-05-25T23:38:59.282042+00:00
AIRFLOW_CTX_TRY_NUMBER=1
AIRFLOW_CTX_DAG_RUN_ID=manual__2023-05-25T23:38:59.282042+00:00
[2023-05-25 20:39:05,231] {subprocess.py:62} INFO - Tmp dir root location: 
 /tmp
[2023-05-25 20:39:05,232] {subprocess.py:74} INFO - Running command: ['bash', '-c', "mkdir -p '/home/enricolm/Documents/airflowalura/PastaExemplo1/2023-05-25T00:00:00+00:00'"]
[2023-05-25 20:39:05,238] {subprocess.py:85} INFO - Output:
[2023-05-25 20:39:05,241] {subprocess.py:96} INFO - Command exited with return code 0
[2023-05-25 20:39:05,261] {taskinstance.py:1395} INFO - Marking task as SUCCESS. dag_id=Projeto_AirFlow_clima, task_id=Tarefa_5, execution_date=20230525T233859, start_date=20230525T233905, end_date=20230525T233905
[2023-05-25 20:39:05,280] {local_task_job.py:156} INFO - Task exited with return code 0
[2023-05-25 20:39:05,294] {local_task_job.py:273} INFO - 0 downstream tasks scheduled from follow-on schedule check
