[2023-05-25 20:23:14,231] {taskinstance.py:1159} INFO - Dependencies all met for <TaskInstance: Projeto_AirFlow_clima.Tarefa_4 manual__2023-05-25T23:23:10.864421+00:00 [queued]>
[2023-05-25 20:23:14,236] {taskinstance.py:1159} INFO - Dependencies all met for <TaskInstance: Projeto_AirFlow_clima.Tarefa_4 manual__2023-05-25T23:23:10.864421+00:00 [queued]>
[2023-05-25 20:23:14,236] {taskinstance.py:1356} INFO - 
--------------------------------------------------------------------------------
[2023-05-25 20:23:14,236] {taskinstance.py:1357} INFO - Starting attempt 1 of 1
[2023-05-25 20:23:14,237] {taskinstance.py:1358} INFO - 
--------------------------------------------------------------------------------
[2023-05-25 20:23:14,253] {taskinstance.py:1377} INFO - Executing <Task(BashOperator): Tarefa_4> on 2023-05-25 23:23:10.864421+00:00
[2023-05-25 20:23:14,258] {standard_task_runner.py:52} INFO - Started process 80420 to run task
[2023-05-25 20:23:14,262] {standard_task_runner.py:79} INFO - Running: ['airflow', 'tasks', 'run', 'Projeto_AirFlow_clima', 'Tarefa_4', 'manual__2023-05-25T23:23:10.864421+00:00', '--job-id', '10', '--raw', '--subdir', 'DAGS_FOLDER/Airflow_dag.py', '--cfg-path', '/tmp/tmp55on5arz', '--error-file', '/tmp/tmpiufe8sa7']
[2023-05-25 20:23:14,263] {standard_task_runner.py:80} INFO - Job 10: Subtask Tarefa_4
[2023-05-25 20:23:14,303] {task_command.py:370} INFO - Running <TaskInstance: Projeto_AirFlow_clima.Tarefa_4 manual__2023-05-25T23:23:10.864421+00:00 [running]> on host enricolm-virtual-machine
[2023-05-25 20:23:14,353] {taskinstance.py:1569} INFO - Exporting the following env vars:
AIRFLOW_CTX_DAG_OWNER=airflow
AIRFLOW_CTX_DAG_ID=Projeto_AirFlow_clima
AIRFLOW_CTX_TASK_ID=Tarefa_4
AIRFLOW_CTX_EXECUTION_DATE=2023-05-25T23:23:10.864421+00:00
AIRFLOW_CTX_TRY_NUMBER=1
AIRFLOW_CTX_DAG_RUN_ID=manual__2023-05-25T23:23:10.864421+00:00
[2023-05-25 20:23:14,355] {subprocess.py:62} INFO - Tmp dir root location: 
 /tmp
[2023-05-25 20:23:14,356] {subprocess.py:74} INFO - Running command: ['bash', '-c', "mkdir -p '/home/enricolm/Documents/airflowalura/PastaExemplo1/2023-05-25T00:00:00+00:00'"]
[2023-05-25 20:23:14,363] {subprocess.py:85} INFO - Output:
[2023-05-25 20:23:14,365] {subprocess.py:96} INFO - Command exited with return code 0
[2023-05-25 20:23:14,385] {taskinstance.py:1395} INFO - Marking task as SUCCESS. dag_id=Projeto_AirFlow_clima, task_id=Tarefa_4, execution_date=20230525T232310, start_date=20230525T232314, end_date=20230525T232314
[2023-05-25 20:23:14,439] {local_task_job.py:156} INFO - Task exited with return code 0
[2023-05-25 20:23:14,453] {local_task_job.py:273} INFO - 0 downstream tasks scheduled from follow-on schedule check
