[2023-05-25 20:24:12,776] {taskinstance.py:1159} INFO - Dependencies all met for <TaskInstance: Projeto_AirFlow_clima.Tarefa_4 manual__2023-05-25T23:24:09.523802+00:00 [queued]>
[2023-05-25 20:24:12,782] {taskinstance.py:1159} INFO - Dependencies all met for <TaskInstance: Projeto_AirFlow_clima.Tarefa_4 manual__2023-05-25T23:24:09.523802+00:00 [queued]>
[2023-05-25 20:24:12,782] {taskinstance.py:1356} INFO - 
--------------------------------------------------------------------------------
[2023-05-25 20:24:12,782] {taskinstance.py:1357} INFO - Starting attempt 1 of 1
[2023-05-25 20:24:12,782] {taskinstance.py:1358} INFO - 
--------------------------------------------------------------------------------
[2023-05-25 20:24:12,793] {taskinstance.py:1377} INFO - Executing <Task(BashOperator): Tarefa_4> on 2023-05-25 23:24:09.523802+00:00
[2023-05-25 20:24:12,796] {standard_task_runner.py:52} INFO - Started process 80701 to run task
[2023-05-25 20:24:12,799] {standard_task_runner.py:79} INFO - Running: ['airflow', 'tasks', 'run', 'Projeto_AirFlow_clima', 'Tarefa_4', 'manual__2023-05-25T23:24:09.523802+00:00', '--job-id', '11', '--raw', '--subdir', 'DAGS_FOLDER/Airflow_dag.py', '--cfg-path', '/tmp/tmpm8oy2_f5', '--error-file', '/tmp/tmpx7mid4eo']
[2023-05-25 20:24:12,800] {standard_task_runner.py:80} INFO - Job 11: Subtask Tarefa_4
[2023-05-25 20:24:12,836] {task_command.py:370} INFO - Running <TaskInstance: Projeto_AirFlow_clima.Tarefa_4 manual__2023-05-25T23:24:09.523802+00:00 [running]> on host enricolm-virtual-machine
[2023-05-25 20:24:12,878] {taskinstance.py:1569} INFO - Exporting the following env vars:
AIRFLOW_CTX_DAG_OWNER=airflow
AIRFLOW_CTX_DAG_ID=Projeto_AirFlow_clima
AIRFLOW_CTX_TASK_ID=Tarefa_4
AIRFLOW_CTX_EXECUTION_DATE=2023-05-25T23:24:09.523802+00:00
AIRFLOW_CTX_TRY_NUMBER=1
AIRFLOW_CTX_DAG_RUN_ID=manual__2023-05-25T23:24:09.523802+00:00
[2023-05-25 20:24:12,879] {subprocess.py:62} INFO - Tmp dir root location: 
 /tmp
[2023-05-25 20:24:12,880] {subprocess.py:74} INFO - Running command: ['bash', '-c', "mkdir -p '/home/enricolm/Documents/airflowalura/PastaExemplo1/2023-05-25T00:00:00+00:00/'"]
[2023-05-25 20:24:12,886] {subprocess.py:85} INFO - Output:
[2023-05-25 20:24:12,889] {subprocess.py:96} INFO - Command exited with return code 0
[2023-05-25 20:24:12,909] {taskinstance.py:1395} INFO - Marking task as SUCCESS. dag_id=Projeto_AirFlow_clima, task_id=Tarefa_4, execution_date=20230525T232409, start_date=20230525T232412, end_date=20230525T232412
[2023-05-25 20:24:12,935] {local_task_job.py:156} INFO - Task exited with return code 0
[2023-05-25 20:24:12,949] {local_task_job.py:273} INFO - 0 downstream tasks scheduled from follow-on schedule check
