[2023-05-26 17:43:47,078] {taskinstance.py:1159} INFO - Dependencies all met for <TaskInstance: Dados_clima.Extrair_dados scheduled__2023-05-08T00:00:00+00:00 [queued]>
[2023-05-26 17:43:47,084] {taskinstance.py:1159} INFO - Dependencies all met for <TaskInstance: Dados_clima.Extrair_dados scheduled__2023-05-08T00:00:00+00:00 [queued]>
[2023-05-26 17:43:47,084] {taskinstance.py:1356} INFO - 
--------------------------------------------------------------------------------
[2023-05-26 17:43:47,084] {taskinstance.py:1357} INFO - Starting attempt 1 of 1
[2023-05-26 17:43:47,086] {taskinstance.py:1358} INFO - 
--------------------------------------------------------------------------------
[2023-05-26 17:43:47,102] {taskinstance.py:1377} INFO - Executing <Task(PythonOperator): Extrair_dados> on 2023-05-08 00:00:00+00:00
[2023-05-26 17:43:47,106] {standard_task_runner.py:52} INFO - Started process 10506 to run task
[2023-05-26 17:43:47,110] {standard_task_runner.py:79} INFO - Running: ['airflow', 'tasks', 'run', 'Dados_clima', 'Extrair_dados', 'scheduled__2023-05-08T00:00:00+00:00', '--job-id', '60', '--raw', '--subdir', 'DAGS_FOLDER/Climas.py', '--cfg-path', '/tmp/tmpepp46vos', '--error-file', '/tmp/tmp3vhwbvxo']
[2023-05-26 17:43:47,111] {standard_task_runner.py:80} INFO - Job 60: Subtask Extrair_dados
[2023-05-26 17:43:47,164] {task_command.py:370} INFO - Running <TaskInstance: Dados_clima.Extrair_dados scheduled__2023-05-08T00:00:00+00:00 [running]> on host enricolm-virtual-machine
[2023-05-26 17:43:47,207] {taskinstance.py:1569} INFO - Exporting the following env vars:
AIRFLOW_CTX_DAG_OWNER=airflow
AIRFLOW_CTX_DAG_ID=Dados_clima
AIRFLOW_CTX_TASK_ID=Extrair_dados
AIRFLOW_CTX_EXECUTION_DATE=2023-05-08T00:00:00+00:00
AIRFLOW_CTX_TRY_NUMBER=1
AIRFLOW_CTX_DAG_RUN_ID=scheduled__2023-05-08T00:00:00+00:00
[2023-05-26 17:43:52,659] {python.py:173} INFO - Done. Returned value was: None
[2023-05-26 17:43:52,668] {taskinstance.py:1395} INFO - Marking task as SUCCESS. dag_id=Dados_clima, task_id=Extrair_dados, execution_date=20230508T000000, start_date=20230526T204347, end_date=20230526T204352
[2023-05-26 17:43:52,706] {local_task_job.py:156} INFO - Task exited with return code 0
[2023-05-26 17:43:52,716] {local_task_job.py:273} INFO - 0 downstream tasks scheduled from follow-on schedule check
